<?xml version="1.0" encoding="UTF-8"?>
<!-- Generated by org.testng.reporters.JUnitReportReporter -->
<testsuite hostname="ESLLAP-3757" failures="0" tests="1" name="demo.scripts.MobilePagination" time="29.052" errors="0" timestamp="25 Sep 2023 13:13:54 GMT">
  <testcase classname="demo.scripts.MobilePagination" name="PaginationObject_Verification" time="29.052"/>
</testsuite> <!-- demo.scripts.MobilePagination -->
