<?xml version="1.0" encoding="UTF-8"?>
<!-- Generated by org.testng.reporters.JUnitReportReporter -->
<testsuite hostname="ESLLAP-3757" failures="0" tests="1" name="demo.scripts.Mobilebrowser" time="36.321" errors="0" timestamp="22 Sep 2023 12:20:29 GMT">
  <testcase classname="demo.scripts.Mobilebrowser" name="MarketElementTest" time="36.321"/>
</testsuite> <!-- demo.scripts.Mobilebrowser -->
